Determining if the pthread_create exist failed with the following output:
Change Dir: /home/monark/Desktop/workspace/CppND-Capstone-Snake-Game/build/CMakeFiles/CMakeTmp

Run Build Command:"/usr/bin/make" "cmTC_99977/fast"
/usr/bin/make -f CMakeFiles/cmTC_99977.dir/build.make CMakeFiles/cmTC_99977.dir/build
make[1]: Entering directory '/home/monark/Desktop/workspace/CppND-Capstone-Snake-Game/build/CMakeFiles/CMakeTmp'
Building C object CMakeFiles/cmTC_99977.dir/CheckSymbolExists.c.o
/usr/bin/cc    -o CMakeFiles/cmTC_99977.dir/CheckSymbolExists.c.o   -c /home/monark/Desktop/workspace/CppND-Capstone-Snake-Game/build/CMakeFiles/CMakeTmp/CheckSymbolExists.c
Linking C executable cmTC_99977
/usr/local/bin/cmake -E cmake_link_script CMakeFiles/cmTC_99977.dir/link.txt --verbose=1
/usr/bin/cc      CMakeFiles/cmTC_99977.dir/CheckSymbolExists.c.o  -o cmTC_99977 
CMakeFiles/cmTC_99977.dir/CheckSymbolExists.c.o: In function `main':
CheckSymbolExists.c:(.text+0x16): undefined reference to `pthread_create'
collect2: error: ld returned 1 exit status
CMakeFiles/cmTC_99977.dir/build.make:86: recipe for target 'cmTC_99977' failed
make[1]: *** [cmTC_99977] Error 1
make[1]: Leaving directory '/home/monark/Desktop/workspace/CppND-Capstone-Snake-Game/build/CMakeFiles/CMakeTmp'
Makefile:121: recipe for target 'cmTC_99977/fast' failed
make: *** [cmTC_99977/fast] Error 2

File /home/monark/Desktop/workspace/CppND-Capstone-Snake-Game/build/CMakeFiles/CMakeTmp/CheckSymbolExists.c:
/* */
#include <pthread.h>

int main(int argc, char** argv)
{
  (void)argv;
#ifndef pthread_create
  return ((int*)(&pthread_create))[argc];
#else
  (void)argc;
  return 0;
#endif
}

Determining if the function pthread_create exists in the pthreads failed with the following output:
Change Dir: /home/monark/Desktop/workspace/CppND-Capstone-Snake-Game/build/CMakeFiles/CMakeTmp

Run Build Command:"/usr/bin/make" "cmTC_6589d/fast"
/usr/bin/make -f CMakeFiles/cmTC_6589d.dir/build.make CMakeFiles/cmTC_6589d.dir/build
make[1]: Entering directory '/home/monark/Desktop/workspace/CppND-Capstone-Snake-Game/build/CMakeFiles/CMakeTmp'
Building C object CMakeFiles/cmTC_6589d.dir/CheckFunctionExists.c.o
/usr/bin/cc   -DCHECK_FUNCTION_EXISTS=pthread_create   -o CMakeFiles/cmTC_6589d.dir/CheckFunctionExists.c.o   -c /usr/local/share/cmake-3.13/Modules/CheckFunctionExists.c
Linking C executable cmTC_6589d
/usr/local/bin/cmake -E cmake_link_script CMakeFiles/cmTC_6589d.dir/link.txt --verbose=1
/usr/bin/cc  -DCHECK_FUNCTION_EXISTS=pthread_create    CMakeFiles/cmTC_6589d.dir/CheckFunctionExists.c.o  -o cmTC_6589d -lpthreads 
/usr/bin/ld: cannot find -lpthreads
collect2: error: ld returned 1 exit status
CMakeFiles/cmTC_6589d.dir/build.make:86: recipe for target 'cmTC_6589d' failed
make[1]: *** [cmTC_6589d] Error 1
make[1]: Leaving directory '/home/monark/Desktop/workspace/CppND-Capstone-Snake-Game/build/CMakeFiles/CMakeTmp'
Makefile:121: recipe for target 'cmTC_6589d/fast' failed
make: *** [cmTC_6589d/fast] Error 2


